The system is: Linux - 3.19.0-25-generic - x86_64
Compiling the CXX compiler identification source file "CMakeCXXCompilerId.cpp" succeeded.
Compiler: /usr/bin/c++ 
Build flags: 
Id flags: 

The output was:
0


Compilation of the CXX compiler identification source "CMakeCXXCompilerId.cpp" produced "a.out"

The CXX compiler identification is GNU, found in "/home/aastteam/Desktop/RCsim_3D/bases/utaustinvilla3d_base/CMakeFiles/2.8.12.2/CompilerIdCXX/a.out"

Compiling the C compiler identification source file "CMakeCCompilerId.c" succeeded.
Compiler: /usr/bin/cc 
Build flags: 
Id flags: 

The output was:
0


Compilation of the C compiler identification source "CMakeCCompilerId.c" produced "a.out"

The C compiler identification is GNU, found in "/home/aastteam/Desktop/RCsim_3D/bases/utaustinvilla3d_base/CMakeFiles/2.8.12.2/CompilerIdC/a.out"

Determining if the CXX compiler works passed with the following output:
Change Dir: /home/aastteam/Desktop/RCsim_3D/bases/utaustinvilla3d_base/CMakeFiles/CMakeTmp

Run Build Command:/usr/bin/make "cmTryCompileExec4257375902/fast"
/usr/bin/make -f CMakeFiles/cmTryCompileExec4257375902.dir/build.make CMakeFiles/cmTryCompileExec4257375902.dir/build
make[1]: Entering directory `/home/aastteam/Desktop/RCsim_3D/bases/utaustinvilla3d_base/CMakeFiles/CMakeTmp'
/usr/bin/cmake -E cmake_progress_report /home/aastteam/Desktop/RCsim_3D/bases/utaustinvilla3d_base/CMakeFiles/CMakeTmp/CMakeFiles 1
Building CXX object CMakeFiles/cmTryCompileExec4257375902.dir/testCXXCompiler.cxx.o
/usr/bin/c++     -o CMakeFiles/cmTryCompileExec4257375902.dir/testCXXCompiler.cxx.o -c /home/aastteam/Desktop/RCsim_3D/bases/utaustinvilla3d_base/CMakeFiles/CMakeTmp/testCXXCompiler.cxx
Linking CXX executable cmTryCompileExec4257375902
/usr/bin/cmake -E cmake_link_script CMakeFiles/cmTryCompileExec4257375902.dir/link.txt --verbose=1
/usr/bin/c++        CMakeFiles/cmTryCompileExec4257375902.dir/testCXXCompiler.cxx.o  -o cmTryCompileExec4257375902 -rdynamic 
make[1]: Leaving directory `/home/aastteam/Desktop/RCsim_3D/bases/utaustinvilla3d_base/CMakeFiles/CMakeTmp'


Detecting CXX compiler ABI info compiled with the following output:
Change Dir: /home/aastteam/Desktop/RCsim_3D/bases/utaustinvilla3d_base/CMakeFiles/CMakeTmp

Run Build Command:/usr/bin/make "cmTryCompileExec1412563461/fast"
/usr/bin/make -f CMakeFiles/cmTryCompileExec1412563461.dir/build.make CMakeFiles/cmTryCompileExec1412563461.dir/build
make[1]: Entering directory `/home/aastteam/Desktop/RCsim_3D/bases/utaustinvilla3d_base/CMakeFiles/CMakeTmp'
/usr/bin/cmake -E cmake_progress_report /home/aastteam/Desktop/RCsim_3D/bases/utaustinvilla3d_base/CMakeFiles/CMakeTmp/CMakeFiles 1
Building CXX object CMakeFiles/cmTryCompileExec1412563461.dir/CMakeCXXCompilerABI.cpp.o
/usr/bin/c++     -o CMakeFiles/cmTryCompileExec1412563461.dir/CMakeCXXCompilerABI.cpp.o -c /usr/share/cmake-2.8/Modules/CMakeCXXCompilerABI.cpp
Linking CXX executable cmTryCompileExec1412563461
/usr/bin/cmake -E cmake_link_script CMakeFiles/cmTryCompileExec1412563461.dir/link.txt --verbose=1
/usr/bin/c++      -v CMakeFiles/cmTryCompileExec1412563461.dir/CMakeCXXCompilerABI.cpp.o  -o cmTryCompileExec1412563461 -rdynamic  
Using built-in specs.
COLLECT_GCC=/usr/bin/c++
COLLECT_LTO_WRAPPER=/usr/lib/gcc/x86_64-linux-gnu/4.8/lto-wrapper
Target: x86_64-linux-gnu
Configured with: ../src/configure -v --with-pkgversion='Ubuntu 4.8.4-2ubuntu1~14.04.3' --with-bugurl=file:///usr/share/doc/gcc-4.8/README.Bugs --enable-languages=c,c++,java,go,d,fortran,objc,obj-c++ --prefix=/usr --program-suffix=-4.8 --enable-shared --enable-linker-build-id --libexecdir=/usr/lib --without-included-gettext --enable-threads=posix --with-gxx-include-dir=/usr/include/c++/4.8 --libdir=/usr/lib --enable-nls --with-sysroot=/ --enable-clocale=gnu --enable-libstdcxx-debug --enable-libstdcxx-time=yes --enable-gnu-unique-object --disable-libmudflap --enable-plugin --with-system-zlib --disable-browser-plugin --enable-java-awt=gtk --enable-gtk-cairo --with-java-home=/usr/lib/jvm/java-1.5.0-gcj-4.8-amd64/jre --enable-java-home --with-jvm-root-dir=/usr/lib/jvm/java-1.5.0-gcj-4.8-amd64 --with-jvm-jar-dir=/usr/lib/jvm-exports/java-1.5.0-gcj-4.8-amd64 --with-arch-directory=amd64 --with-ecj-jar=/usr/share/java/eclipse-ecj.jar --enable-objc-gc --enable-multiarch --disable-werror --with-arch-32=i686 --with-abi=m64 --with-multilib-list=m32,m64,mx32 --with-tune=generic --enable-checking=release --build=x86_64-linux-gnu --host=x86_64-linux-gnu --target=x86_64-linux-gnu
Thread model: posix
gcc version 4.8.4 (Ubuntu 4.8.4-2ubuntu1~14.04.3) 
COMPILER_PATH=/usr/lib/gcc/x86_64-linux-gnu/4.8/:/usr/lib/gcc/x86_64-linux-gnu/4.8/:/usr/lib/gcc/x86_64-linux-gnu/:/usr/lib/gcc/x86_64-linux-gnu/4.8/:/usr/lib/gcc/x86_64-linux-gnu/
LIBRARY_PATH=/usr/lib/gcc/x86_64-linux-gnu/4.8/:/usr/lib/gcc/x86_64-linux-gnu/4.8/../../../x86_64-linux-gnu/:/usr/lib/gcc/x86_64-linux-gnu/4.8/../../../../lib/:/lib/x86_64-linux-gnu/:/lib/../lib/:/usr/lib/x86_64-linux-gnu/:/usr/lib/../lib/:/usr/lib/gcc/x86_64-linux-gnu/4.8/../../../:/lib/:/usr/lib/
COLLECT_GCC_OPTIONS='-v' '-o' 'cmTryCompileExec1412563461' '-rdynamic' '-shared-libgcc' '-mtune=generic' '-march=x86-64'
 /usr/lib/gcc/x86_64-linux-gnu/4.8/collect2 --sysroot=/ --build-id --eh-frame-hdr -m elf_x86_64 --hash-style=gnu --as-needed -export-dynamic -dynamic-linker /lib64/ld-linux-x86-64.so.2 -z relro -o cmTryCompileExec1412563461 /usr/lib/gcc/x86_64-linux-gnu/4.8/../../../x86_64-linux-gnu/crt1.o /usr/lib/gcc/x86_64-linux-gnu/4.8/../../../x86_64-linux-gnu/crti.o /usr/lib/gcc/x86_64-linux-gnu/4.8/crtbegin.o -L/usr/lib/gcc/x86_64-linux-gnu/4.8 -L/usr/lib/gcc/x86_64-linux-gnu/4.8/../../../x86_64-linux-gnu -L/usr/lib/gcc/x86_64-linux-gnu/4.8/../../../../lib -L/lib/x86_64-linux-gnu -L/lib/../lib -L/usr/lib/x86_64-linux-gnu -L/usr/lib/../lib -L/usr/lib/gcc/x86_64-linux-gnu/4.8/../../.. CMakeFiles/cmTryCompileExec1412563461.dir/CMakeCXXCompilerABI.cpp.o -lstdc++ -lm -lgcc_s -lgcc -lc -lgcc_s -lgcc /usr/lib/gcc/x86_64-linux-gnu/4.8/crtend.o /usr/lib/gcc/x86_64-linux-gnu/4.8/../../../x86_64-linux-gnu/crtn.o
make[1]: Leaving directory `/home/aastteam/Desktop/RCsim_3D/bases/utaustinvilla3d_base/CMakeFiles/CMakeTmp'


Parsed CXX implicit link information from above output:
  link line regex: [^( *|.*[/\])(ld|([^/\]+-)?ld|collect2)[^/\]*( |$)]
  ignore line: [Change Dir: /home/aastteam/Desktop/RCsim_3D/bases/utaustinvilla3d_base/CMakeFiles/CMakeTmp]
  ignore line: []
  ignore line: [Run Build Command:/usr/bin/make "cmTryCompileExec1412563461/fast"]
  ignore line: [/usr/bin/make -f CMakeFiles/cmTryCompileExec1412563461.dir/build.make CMakeFiles/cmTryCompileExec1412563461.dir/build]
  ignore line: [make[1]: Entering directory `/home/aastteam/Desktop/RCsim_3D/bases/utaustinvilla3d_base/CMakeFiles/CMakeTmp']
  ignore line: [/usr/bin/cmake -E cmake_progress_report /home/aastteam/Desktop/RCsim_3D/bases/utaustinvilla3d_base/CMakeFiles/CMakeTmp/CMakeFiles 1]
  ignore line: [Building CXX object CMakeFiles/cmTryCompileExec1412563461.dir/CMakeCXXCompilerABI.cpp.o]
  ignore line: [/usr/bin/c++     -o CMakeFiles/cmTryCompileExec1412563461.dir/CMakeCXXCompilerABI.cpp.o -c /usr/share/cmake-2.8/Modules/CMakeCXXCompilerABI.cpp]
  ignore line: [Linking CXX executable cmTryCompileExec1412563461]
  ignore line: [/usr/bin/cmake -E cmake_link_script CMakeFiles/cmTryCompileExec1412563461.dir/link.txt --verbose=1]
  ignore line: [/usr/bin/c++      -v CMakeFiles/cmTryCompileExec1412563461.dir/CMakeCXXCompilerABI.cpp.o  -o cmTryCompileExec1412563461 -rdynamic  ]
  ignore line: [Using built-in specs.]
  ignore line: [COLLECT_GCC=/usr/bin/c++]
  ignore line: [COLLECT_LTO_WRAPPER=/usr/lib/gcc/x86_64-linux-gnu/4.8/lto-wrapper]
  ignore line: [Target: x86_64-linux-gnu]
  ignore line: [Configured with: ../src/configure -v --with-pkgversion='Ubuntu 4.8.4-2ubuntu1~14.04.3' --with-bugurl=file:///usr/share/doc/gcc-4.8/README.Bugs --enable-languages=c,c++,java,go,d,fortran,objc,obj-c++ --prefix=/usr --program-suffix=-4.8 --enable-shared --enable-linker-build-id --libexecdir=/usr/lib --without-included-gettext --enable-threads=posix --with-gxx-include-dir=/usr/include/c++/4.8 --libdir=/usr/lib --enable-nls --with-sysroot=/ --enable-clocale=gnu --enable-libstdcxx-debug --enable-libstdcxx-time=yes --enable-gnu-unique-object --disable-libmudflap --enable-plugin --with-system-zlib --disable-browser-plugin --enable-java-awt=gtk --enable-gtk-cairo --with-java-home=/usr/lib/jvm/java-1.5.0-gcj-4.8-amd64/jre --enable-java-home --with-jvm-root-dir=/usr/lib/jvm/java-1.5.0-gcj-4.8-amd64 --with-jvm-jar-dir=/usr/lib/jvm-exports/java-1.5.0-gcj-4.8-amd64 --with-arch-directory=amd64 --with-ecj-jar=/usr/share/java/eclipse-ecj.jar --enable-objc-gc --enable-multiarch --disable-werror --with-arch-32=i686 --with-abi=m64 --with-multilib-list=m32,m64,mx32 --with-tune=generic --enable-checking=release --build=x86_64-linux-gnu --host=x86_64-linux-gnu --target=x86_64-linux-gnu]
  ignore line: [Thread model: posix]
  ignore line: [gcc version 4.8.4 (Ubuntu 4.8.4-2ubuntu1~14.04.3) ]
  ignore line: [COMPILER_PATH=/usr/lib/gcc/x86_64-linux-gnu/4.8/:/usr/lib/gcc/x86_64-linux-gnu/4.8/:/usr/lib/gcc/x86_64-linux-gnu/:/usr/lib/gcc/x86_64-linux-gnu/4.8/:/usr/lib/gcc/x86_64-linux-gnu/]
  ignore line: [LIBRARY_PATH=/usr/lib/gcc/x86_64-linux-gnu/4.8/:/usr/lib/gcc/x86_64-linux-gnu/4.8/../../../x86_64-linux-gnu/:/usr/lib/gcc/x86_64-linux-gnu/4.8/../../../../lib/:/lib/x86_64-linux-gnu/:/lib/../lib/:/usr/lib/x86_64-linux-gnu/:/usr/lib/../lib/:/usr/lib/gcc/x86_64-linux-gnu/4.8/../../../:/lib/:/usr/lib/]
  ignore line: [COLLECT_GCC_OPTIONS='-v' '-o' 'cmTryCompileExec1412563461' '-rdynamic' '-shared-libgcc' '-mtune=generic' '-march=x86-64']
  link line: [ /usr/lib/gcc/x86_64-linux-gnu/4.8/collect2 --sysroot=/ --build-id --eh-frame-hdr -m elf_x86_64 --hash-style=gnu --as-needed -export-dynamic -dynamic-linker /lib64/ld-linux-x86-64.so.2 -z relro -o cmTryCompileExec1412563461 /usr/lib/gcc/x86_64-linux-gnu/4.8/../../../x86_64-linux-gnu/crt1.o /usr/lib/gcc/x86_64-linux-gnu/4.8/../../../x86_64-linux-gnu/crti.o /usr/lib/gcc/x86_64-linux-gnu/4.8/crtbegin.o -L/usr/lib/gcc/x86_64-linux-gnu/4.8 -L/usr/lib/gcc/x86_64-linux-gnu/4.8/../../../x86_64-linux-gnu -L/usr/lib/gcc/x86_64-linux-gnu/4.8/../../../../lib -L/lib/x86_64-linux-gnu -L/lib/../lib -L/usr/lib/x86_64-linux-gnu -L/usr/lib/../lib -L/usr/lib/gcc/x86_64-linux-gnu/4.8/../../.. CMakeFiles/cmTryCompileExec1412563461.dir/CMakeCXXCompilerABI.cpp.o -lstdc++ -lm -lgcc_s -lgcc -lc -lgcc_s -lgcc /usr/lib/gcc/x86_64-linux-gnu/4.8/crtend.o /usr/lib/gcc/x86_64-linux-gnu/4.8/../../../x86_64-linux-gnu/crtn.o]
    arg [/usr/lib/gcc/x86_64-linux-gnu/4.8/collect2] ==> ignore
    arg [--sysroot=/] ==> ignore
    arg [--build-id] ==> ignore
    arg [--eh-frame-hdr] ==> ignore
    arg [-m] ==> ignore
    arg [elf_x86_64] ==> ignore
    arg [--hash-style=gnu] ==> ignore
    arg [--as-needed] ==> ignore
    arg [-export-dynamic] ==> ignore
    arg [-dynamic-linker] ==> ignore
    arg [/lib64/ld-linux-x86-64.so.2] ==> ignore
    arg [-zrelro] ==> ignore
    arg [-o] ==> ignore
    arg [cmTryCompileExec1412563461] ==> ignore
    arg [/usr/lib/gcc/x86_64-linux-gnu/4.8/../../../x86_64-linux-gnu/crt1.o] ==> ignore
    arg [/usr/lib/gcc/x86_64-linux-gnu/4.8/../../../x86_64-linux-gnu/crti.o] ==> ignore
    arg [/usr/lib/gcc/x86_64-linux-gnu/4.8/crtbegin.o] ==> ignore
    arg [-L/usr/lib/gcc/x86_64-linux-gnu/4.8] ==> dir [/usr/lib/gcc/x86_64-linux-gnu/4.8]
    arg [-L/usr/lib/gcc/x86_64-linux-gnu/4.8/../../../x86_64-linux-gnu] ==> dir [/usr/lib/gcc/x86_64-linux-gnu/4.8/../../../x86_64-linux-gnu]
    arg [-L/usr/lib/gcc/x86_64-linux-gnu/4.8/../../../../lib] ==> dir [/usr/lib/gcc/x86_64-linux-gnu/4.8/../../../../lib]
    arg [-L/lib/x86_64-linux-gnu] ==> dir [/lib/x86_64-linux-gnu]
    arg [-L/lib/../lib] ==> dir [/lib/../lib]
    arg [-L/usr/lib/x86_64-linux-gnu] ==> dir [/usr/lib/x86_64-linux-gnu]
    arg [-L/usr/lib/../lib] ==> dir [/usr/lib/../lib]
    arg [-L/usr/lib/gcc/x86_64-linux-gnu/4.8/../../..] ==> dir [/usr/lib/gcc/x86_64-linux-gnu/4.8/../../..]
    arg [CMakeFiles/cmTryCompileExec1412563461.dir/CMakeCXXCompilerABI.cpp.o] ==> ignore
    arg [-lstdc++] ==> lib [stdc++]
    arg [-lm] ==> lib [m]
    arg [-lgcc_s] ==> lib [gcc_s]
    arg [-lgcc] ==> lib [gcc]
    arg [-lc] ==> lib [c]
    arg [-lgcc_s] ==> lib [gcc_s]
    arg [-lgcc] ==> lib [gcc]
    arg [/usr/lib/gcc/x86_64-linux-gnu/4.8/crtend.o] ==> ignore
    arg [/usr/lib/gcc/x86_64-linux-gnu/4.8/../../../x86_64-linux-gnu/crtn.o] ==> ignore
  remove lib [gcc_s]
  remove lib [gcc]
  remove lib [gcc_s]
  remove lib [gcc]
  collapse library dir [/usr/lib/gcc/x86_64-linux-gnu/4.8] ==> [/usr/lib/gcc/x86_64-linux-gnu/4.8]
  collapse library dir [/usr/lib/gcc/x86_64-linux-gnu/4.8/../../../x86_64-linux-gnu] ==> [/usr/lib/x86_64-linux-gnu]
  collapse library dir [/usr/lib/gcc/x86_64-linux-gnu/4.8/../../../../lib] ==> [/usr/lib]
  collapse library dir [/lib/x86_64-linux-gnu] ==> [/lib/x86_64-linux-gnu]
  collapse library dir [/lib/../lib] ==> [/lib]
  collapse library dir [/usr/lib/x86_64-linux-gnu] ==> [/usr/lib/x86_64-linux-gnu]
  collapse library dir [/usr/lib/../lib] ==> [/usr/lib]
  collapse library dir [/usr/lib/gcc/x86_64-linux-gnu/4.8/../../..] ==> [/usr/lib]
  implicit libs: [stdc++;m;c]
  implicit dirs: [/usr/lib/gcc/x86_64-linux-gnu/4.8;/usr/lib/x86_64-linux-gnu;/usr/lib;/lib/x86_64-linux-gnu;/lib]
  implicit fwks: []


Determining if the C compiler works passed with the following output:
Change Dir: /home/aastteam/Desktop/RCsim_3D/bases/utaustinvilla3d_base/CMakeFiles/CMakeTmp

Run Build Command:/usr/bin/make "cmTryCompileExec1730784971/fast"
/usr/bin/make -f CMakeFiles/cmTryCompileExec1730784971.dir/build.make CMakeFiles/cmTryCompileExec1730784971.dir/build
make[1]: Entering directory `/home/aastteam/Desktop/RCsim_3D/bases/utaustinvilla3d_base/CMakeFiles/CMakeTmp'
/usr/bin/cmake -E cmake_progress_report /home/aastteam/Desktop/RCsim_3D/bases/utaustinvilla3d_base/CMakeFiles/CMakeTmp/CMakeFiles 1
Building C object CMakeFiles/cmTryCompileExec1730784971.dir/testCCompiler.c.o
/usr/bin/cc    -o CMakeFiles/cmTryCompileExec1730784971.dir/testCCompiler.c.o   -c /home/aastteam/Desktop/RCsim_3D/bases/utaustinvilla3d_base/CMakeFiles/CMakeTmp/testCCompiler.c
Linking C executable cmTryCompileExec1730784971
/usr/bin/cmake -E cmake_link_script CMakeFiles/cmTryCompileExec1730784971.dir/link.txt --verbose=1
/usr/bin/cc       CMakeFiles/cmTryCompileExec1730784971.dir/testCCompiler.c.o  -o cmTryCompileExec1730784971 -rdynamic 
make[1]: Leaving directory `/home/aastteam/Desktop/RCsim_3D/bases/utaustinvilla3d_base/CMakeFiles/CMakeTmp'


Detecting C compiler ABI info compiled with the following output:
Change Dir: /home/aastteam/Desktop/RCsim_3D/bases/utaustinvilla3d_base/CMakeFiles/CMakeTmp

Run Build Command:/usr/bin/make "cmTryCompileExec3166931220/fast"
/usr/bin/make -f CMakeFiles/cmTryCompileExec3166931220.dir/build.make CMakeFiles/cmTryCompileExec3166931220.dir/build
make[1]: Entering directory `/home/aastteam/Desktop/RCsim_3D/bases/utaustinvilla3d_base/CMakeFiles/CMakeTmp'
/usr/bin/cmake -E cmake_progress_report /home/aastteam/Desktop/RCsim_3D/bases/utaustinvilla3d_base/CMakeFiles/CMakeTmp/CMakeFiles 1
Building C object CMakeFiles/cmTryCompileExec3166931220.dir/CMakeCCompilerABI.c.o
/usr/bin/cc    -o CMakeFiles/cmTryCompileExec3166931220.dir/CMakeCCompilerABI.c.o   -c /usr/share/cmake-2.8/Modules/CMakeCCompilerABI.c
Linking C executable cmTryCompileExec3166931220
/usr/bin/cmake -E cmake_link_script CMakeFiles/cmTryCompileExec3166931220.dir/link.txt --verbose=1
/usr/bin/cc     -v CMakeFiles/cmTryCompileExec3166931220.dir/CMakeCCompilerABI.c.o  -o cmTryCompileExec3166931220 -rdynamic  
Using built-in specs.
COLLECT_GCC=/usr/bin/cc
COLLECT_LTO_WRAPPER=/usr/lib/gcc/x86_64-linux-gnu/4.8/lto-wrapper
Target: x86_64-linux-gnu
Configured with: ../src/configure -v --with-pkgversion='Ubuntu 4.8.4-2ubuntu1~14.04.3' --with-bugurl=file:///usr/share/doc/gcc-4.8/README.Bugs --enable-languages=c,c++,java,go,d,fortran,objc,obj-c++ --prefix=/usr --program-suffix=-4.8 --enable-shared --enable-linker-build-id --libexecdir=/usr/lib --without-included-gettext --enable-threads=posix --with-gxx-include-dir=/usr/include/c++/4.8 --libdir=/usr/lib --enable-nls --with-sysroot=/ --enable-clocale=gnu --enable-libstdcxx-debug --enable-libstdcxx-time=yes --enable-gnu-unique-object --disable-libmudflap --enable-plugin --with-system-zlib --disable-browser-plugin --enable-java-awt=gtk --enable-gtk-cairo --with-java-home=/usr/lib/jvm/java-1.5.0-gcj-4.8-amd64/jre --enable-java-home --with-jvm-root-dir=/usr/lib/jvm/java-1.5.0-gcj-4.8-amd64 --with-jvm-jar-dir=/usr/lib/jvm-exports/java-1.5.0-gcj-4.8-amd64 --with-arch-directory=amd64 --with-ecj-jar=/usr/share/java/eclipse-ecj.jar --enable-objc-gc --enable-multiarch --disable-werror --with-arch-32=i686 --with-abi=m64 --with-multilib-list=m32,m64,mx32 --with-tune=generic --enable-checking=release --build=x86_64-linux-gnu --host=x86_64-linux-gnu --target=x86_64-linux-gnu
Thread model: posix
gcc version 4.8.4 (Ubuntu 4.8.4-2ubuntu1~14.04.3) 
COMPILER_PATH=/usr/lib/gcc/x86_64-linux-gnu/4.8/:/usr/lib/gcc/x86_64-linux-gnu/4.8/:/usr/lib/gcc/x86_64-linux-gnu/:/usr/lib/gcc/x86_64-linux-gnu/4.8/:/usr/lib/gcc/x86_64-linux-gnu/
LIBRARY_PATH=/usr/lib/gcc/x86_64-linux-gnu/4.8/:/usr/lib/gcc/x86_64-linux-gnu/4.8/../../../x86_64-linux-gnu/:/usr/lib/gcc/x86_64-linux-gnu/4.8/../../../../lib/:/lib/x86_64-linux-gnu/:/lib/../lib/:/usr/lib/x86_64-linux-gnu/:/usr/lib/../lib/:/usr/lib/gcc/x86_64-linux-gnu/4.8/../../../:/lib/:/usr/lib/
COLLECT_GCC_OPTIONS='-v' '-o' 'cmTryCompileExec3166931220' '-rdynamic' '-mtune=generic' '-march=x86-64'
 /usr/lib/gcc/x86_64-linux-gnu/4.8/collect2 --sysroot=/ --build-id --eh-frame-hdr -m elf_x86_64 --hash-style=gnu --as-needed -export-dynamic -dynamic-linker /lib64/ld-linux-x86-64.so.2 -z relro -o cmTryCompileExec3166931220 /usr/lib/gcc/x86_64-linux-gnu/4.8/../../../x86_64-linux-gnu/crt1.o /usr/lib/gcc/x86_64-linux-gnu/4.8/../../../x86_64-linux-gnu/crti.o /usr/lib/gcc/x86_64-linux-gnu/4.8/crtbegin.o -L/usr/lib/gcc/x86_64-linux-gnu/4.8 -L/usr/lib/gcc/x86_64-linux-gnu/4.8/../../../x86_64-linux-gnu -L/usr/lib/gcc/x86_64-linux-gnu/4.8/../../../../lib -L/lib/x86_64-linux-gnu -L/lib/../lib -L/usr/lib/x86_64-linux-gnu -L/usr/lib/../lib -L/usr/lib/gcc/x86_64-linux-gnu/4.8/../../.. CMakeFiles/cmTryCompileExec3166931220.dir/CMakeCCompilerABI.c.o -lgcc --as-needed -lgcc_s --no-as-needed -lc -lgcc --as-needed -lgcc_s --no-as-needed /usr/lib/gcc/x86_64-linux-gnu/4.8/crtend.o /usr/lib/gcc/x86_64-linux-gnu/4.8/../../../x86_64-linux-gnu/crtn.o
make[1]: Leaving directory `/home/aastteam/Desktop/RCsim_3D/bases/utaustinvilla3d_base/CMakeFiles/CMakeTmp'


Parsed C implicit link information from above output:
  link line regex: [^( *|.*[/\])(ld|([^/\]+-)?ld|collect2)[^/\]*( |$)]
  ignore line: [Change Dir: /home/aastteam/Desktop/RCsim_3D/bases/utaustinvilla3d_base/CMakeFiles/CMakeTmp]
  ignore line: []
  ignore line: [Run Build Command:/usr/bin/make "cmTryCompileExec3166931220/fast"]
  ignore line: [/usr/bin/make -f CMakeFiles/cmTryCompileExec3166931220.dir/build.make CMakeFiles/cmTryCompileExec3166931220.dir/build]
  ignore line: [make[1]: Entering directory `/home/aastteam/Desktop/RCsim_3D/bases/utaustinvilla3d_base/CMakeFiles/CMakeTmp']
  ignore line: [/usr/bin/cmake -E cmake_progress_report /home/aastteam/Desktop/RCsim_3D/bases/utaustinvilla3d_base/CMakeFiles/CMakeTmp/CMakeFiles 1]
  ignore line: [Building C object CMakeFiles/cmTryCompileExec3166931220.dir/CMakeCCompilerABI.c.o]
  ignore line: [/usr/bin/cc    -o CMakeFiles/cmTryCompileExec3166931220.dir/CMakeCCompilerABI.c.o   -c /usr/share/cmake-2.8/Modules/CMakeCCompilerABI.c]
  ignore line: [Linking C executable cmTryCompileExec3166931220]
  ignore line: [/usr/bin/cmake -E cmake_link_script CMakeFiles/cmTryCompileExec3166931220.dir/link.txt --verbose=1]
  ignore line: [/usr/bin/cc     -v CMakeFiles/cmTryCompileExec3166931220.dir/CMakeCCompilerABI.c.o  -o cmTryCompileExec3166931220 -rdynamic  ]
  ignore line: [Using built-in specs.]
  ignore line: [COLLECT_GCC=/usr/bin/cc]
  ignore line: [COLLECT_LTO_WRAPPER=/usr/lib/gcc/x86_64-linux-gnu/4.8/lto-wrapper]
  ignore line: [Target: x86_64-linux-gnu]
  ignore line: [Configured with: ../src/configure -v --with-pkgversion='Ubuntu 4.8.4-2ubuntu1~14.04.3' --with-bugurl=file:///usr/share/doc/gcc-4.8/README.Bugs --enable-languages=c,c++,java,go,d,fortran,objc,obj-c++ --prefix=/usr --program-suffix=-4.8 --enable-shared --enable-linker-build-id --libexecdir=/usr/lib --without-included-gettext --enable-threads=posix --with-gxx-include-dir=/usr/include/c++/4.8 --libdir=/usr/lib --enable-nls --with-sysroot=/ --enable-clocale=gnu --enable-libstdcxx-debug --enable-libstdcxx-time=yes --enable-gnu-unique-object --disable-libmudflap --enable-plugin --with-system-zlib --disable-browser-plugin --enable-java-awt=gtk --enable-gtk-cairo --with-java-home=/usr/lib/jvm/java-1.5.0-gcj-4.8-amd64/jre --enable-java-home --with-jvm-root-dir=/usr/lib/jvm/java-1.5.0-gcj-4.8-amd64 --with-jvm-jar-dir=/usr/lib/jvm-exports/java-1.5.0-gcj-4.8-amd64 --with-arch-directory=amd64 --with-ecj-jar=/usr/share/java/eclipse-ecj.jar --enable-objc-gc --enable-multiarch --disable-werror --with-arch-32=i686 --with-abi=m64 --with-multilib-list=m32,m64,mx32 --with-tune=generic --enable-checking=release --build=x86_64-linux-gnu --host=x86_64-linux-gnu --target=x86_64-linux-gnu]
  ignore line: [Thread model: posix]
  ignore line: [gcc version 4.8.4 (Ubuntu 4.8.4-2ubuntu1~14.04.3) ]
  ignore line: [COMPILER_PATH=/usr/lib/gcc/x86_64-linux-gnu/4.8/:/usr/lib/gcc/x86_64-linux-gnu/4.8/:/usr/lib/gcc/x86_64-linux-gnu/:/usr/lib/gcc/x86_64-linux-gnu/4.8/:/usr/lib/gcc/x86_64-linux-gnu/]
  ignore line: [LIBRARY_PATH=/usr/lib/gcc/x86_64-linux-gnu/4.8/:/usr/lib/gcc/x86_64-linux-gnu/4.8/../../../x86_64-linux-gnu/:/usr/lib/gcc/x86_64-linux-gnu/4.8/../../../../lib/:/lib/x86_64-linux-gnu/:/lib/../lib/:/usr/lib/x86_64-linux-gnu/:/usr/lib/../lib/:/usr/lib/gcc/x86_64-linux-gnu/4.8/../../../:/lib/:/usr/lib/]
  ignore line: [COLLECT_GCC_OPTIONS='-v' '-o' 'cmTryCompileExec3166931220' '-rdynamic' '-mtune=generic' '-march=x86-64']
  link line: [ /usr/lib/gcc/x86_64-linux-gnu/4.8/collect2 --sysroot=/ --build-id --eh-frame-hdr -m elf_x86_64 --hash-style=gnu --as-needed -export-dynamic -dynamic-linker /lib64/ld-linux-x86-64.so.2 -z relro -o cmTryCompileExec3166931220 /usr/lib/gcc/x86_64-linux-gnu/4.8/../../../x86_64-linux-gnu/crt1.o /usr/lib/gcc/x86_64-linux-gnu/4.8/../../../x86_64-linux-gnu/crti.o /usr/lib/gcc/x86_64-linux-gnu/4.8/crtbegin.o -L/usr/lib/gcc/x86_64-linux-gnu/4.8 -L/usr/lib/gcc/x86_64-linux-gnu/4.8/../../../x86_64-linux-gnu -L/usr/lib/gcc/x86_64-linux-gnu/4.8/../../../../lib -L/lib/x86_64-linux-gnu -L/lib/../lib -L/usr/lib/x86_64-linux-gnu -L/usr/lib/../lib -L/usr/lib/gcc/x86_64-linux-gnu/4.8/../../.. CMakeFiles/cmTryCompileExec3166931220.dir/CMakeCCompilerABI.c.o -lgcc --as-needed -lgcc_s --no-as-needed -lc -lgcc --as-needed -lgcc_s --no-as-needed /usr/lib/gcc/x86_64-linux-gnu/4.8/crtend.o /usr/lib/gcc/x86_64-linux-gnu/4.8/../../../x86_64-linux-gnu/crtn.o]
    arg [/usr/lib/gcc/x86_64-linux-gnu/4.8/collect2] ==> ignore
    arg [--sysroot=/] ==> ignore
    arg [--build-id] ==> ignore
    arg [--eh-frame-hdr] ==> ignore
    arg [-m] ==> ignore
    arg [elf_x86_64] ==> ignore
    arg [--hash-style=gnu] ==> ignore
    arg [--as-needed] ==> ignore
    arg [-export-dynamic] ==> ignore
    arg [-dynamic-linker] ==> ignore
    arg [/lib64/ld-linux-x86-64.so.2] ==> ignore
    arg [-zrelro] ==> ignore
    arg [-o] ==> ignore
    arg [cmTryCompileExec3166931220] ==> ignore
    arg [/usr/lib/gcc/x86_64-linux-gnu/4.8/../../../x86_64-linux-gnu/crt1.o] ==> ignore
    arg [/usr/lib/gcc/x86_64-linux-gnu/4.8/../../../x86_64-linux-gnu/crti.o] ==> ignore
    arg [/usr/lib/gcc/x86_64-linux-gnu/4.8/crtbegin.o] ==> ignore
    arg [-L/usr/lib/gcc/x86_64-linux-gnu/4.8] ==> dir [/usr/lib/gcc/x86_64-linux-gnu/4.8]
    arg [-L/usr/lib/gcc/x86_64-linux-gnu/4.8/../../../x86_64-linux-gnu] ==> dir [/usr/lib/gcc/x86_64-linux-gnu/4.8/../../../x86_64-linux-gnu]
    arg [-L/usr/lib/gcc/x86_64-linux-gnu/4.8/../../../../lib] ==> dir [/usr/lib/gcc/x86_64-linux-gnu/4.8/../../../../lib]
    arg [-L/lib/x86_64-linux-gnu] ==> dir [/lib/x86_64-linux-gnu]
    arg [-L/lib/../lib] ==> dir [/lib/../lib]
    arg [-L/usr/lib/x86_64-linux-gnu] ==> dir [/usr/lib/x86_64-linux-gnu]
    arg [-L/usr/lib/../lib] ==> dir [/usr/lib/../lib]
    arg [-L/usr/lib/gcc/x86_64-linux-gnu/4.8/../../..] ==> dir [/usr/lib/gcc/x86_64-linux-gnu/4.8/../../..]
    arg [CMakeFiles/cmTryCompileExec3166931220.dir/CMakeCCompilerABI.c.o] ==> ignore
    arg [-lgcc] ==> lib [gcc]
    arg [--as-needed] ==> ignore
    arg [-lgcc_s] ==> lib [gcc_s]
    arg [--no-as-needed] ==> ignore
    arg [-lc] ==> lib [c]
    arg [-lgcc] ==> lib [gcc]
    arg [--as-needed] ==> ignore
    arg [-lgcc_s] ==> lib [gcc_s]
    arg [--no-as-needed] ==> ignore
    arg [/usr/lib/gcc/x86_64-linux-gnu/4.8/crtend.o] ==> ignore
    arg [/usr/lib/gcc/x86_64-linux-gnu/4.8/../../../x86_64-linux-gnu/crtn.o] ==> ignore
  remove lib [gcc]
  remove lib [gcc_s]
  remove lib [gcc]
  remove lib [gcc_s]
  collapse library dir [/usr/lib/gcc/x86_64-linux-gnu/4.8] ==> [/usr/lib/gcc/x86_64-linux-gnu/4.8]
  collapse library dir [/usr/lib/gcc/x86_64-linux-gnu/4.8/../../../x86_64-linux-gnu] ==> [/usr/lib/x86_64-linux-gnu]
  collapse library dir [/usr/lib/gcc/x86_64-linux-gnu/4.8/../../../../lib] ==> [/usr/lib]
  collapse library dir [/lib/x86_64-linux-gnu] ==> [/lib/x86_64-linux-gnu]
  collapse library dir [/lib/../lib] ==> [/lib]
  collapse library dir [/usr/lib/x86_64-linux-gnu] ==> [/usr/lib/x86_64-linux-gnu]
  collapse library dir [/usr/lib/../lib] ==> [/usr/lib]
  collapse library dir [/usr/lib/gcc/x86_64-linux-gnu/4.8/../../..] ==> [/usr/lib]
  implicit libs: [c]
  implicit dirs: [/usr/lib/gcc/x86_64-linux-gnu/4.8;/usr/lib/x86_64-linux-gnu;/usr/lib;/lib/x86_64-linux-gnu;/lib]
  implicit fwks: []


Determining if files pthread.h exist passed with the following output:
Change Dir: /home/aastteam/Desktop/RCsim_3D/bases/utaustinvilla3d_base/CMakeFiles/CMakeTmp

Run Build Command:/usr/bin/make "cmTryCompileExec470677721/fast"
/usr/bin/make -f CMakeFiles/cmTryCompileExec470677721.dir/build.make CMakeFiles/cmTryCompileExec470677721.dir/build
make[1]: Entering directory `/home/aastteam/Desktop/RCsim_3D/bases/utaustinvilla3d_base/CMakeFiles/CMakeTmp'
/usr/bin/cmake -E cmake_progress_report /home/aastteam/Desktop/RCsim_3D/bases/utaustinvilla3d_base/CMakeFiles/CMakeTmp/CMakeFiles 1
Building C object CMakeFiles/cmTryCompileExec470677721.dir/CheckIncludeFiles.c.o
/usr/bin/cc    -o CMakeFiles/cmTryCompileExec470677721.dir/CheckIncludeFiles.c.o   -c /home/aastteam/Desktop/RCsim_3D/bases/utaustinvilla3d_base/CMakeFiles/CMakeTmp/CheckIncludeFiles.c
Linking C executable cmTryCompileExec470677721
/usr/bin/cmake -E cmake_link_script CMakeFiles/cmTryCompileExec470677721.dir/link.txt --verbose=1
/usr/bin/cc       CMakeFiles/cmTryCompileExec470677721.dir/CheckIncludeFiles.c.o  -o cmTryCompileExec470677721 -rdynamic 
make[1]: Leaving directory `/home/aastteam/Desktop/RCsim_3D/bases/utaustinvilla3d_base/CMakeFiles/CMakeTmp'


Determining if the function pthread_create exists in the pthread passed with the following output:
Change Dir: /home/aastteam/Desktop/RCsim_3D/bases/utaustinvilla3d_base/CMakeFiles/CMakeTmp

Run Build Command:/usr/bin/make "cmTryCompileExec4084903023/fast"
/usr/bin/make -f CMakeFiles/cmTryCompileExec4084903023.dir/build.make CMakeFiles/cmTryCompileExec4084903023.dir/build
make[1]: Entering directory `/home/aastteam/Desktop/RCsim_3D/bases/utaustinvilla3d_base/CMakeFiles/CMakeTmp'
/usr/bin/cmake -E cmake_progress_report /home/aastteam/Desktop/RCsim_3D/bases/utaustinvilla3d_base/CMakeFiles/CMakeTmp/CMakeFiles 1
Building C object CMakeFiles/cmTryCompileExec4084903023.dir/CheckFunctionExists.c.o
/usr/bin/cc   -DCHECK_FUNCTION_EXISTS=pthread_create   -o CMakeFiles/cmTryCompileExec4084903023.dir/CheckFunctionExists.c.o   -c /usr/share/cmake-2.8/Modules/CheckFunctionExists.c
Linking C executable cmTryCompileExec4084903023
/usr/bin/cmake -E cmake_link_script CMakeFiles/cmTryCompileExec4084903023.dir/link.txt --verbose=1
/usr/bin/cc   -DCHECK_FUNCTION_EXISTS=pthread_create    CMakeFiles/cmTryCompileExec4084903023.dir/CheckFunctionExists.c.o  -o cmTryCompileExec4084903023 -rdynamic -lpthread 
make[1]: Leaving directory `/home/aastteam/Desktop/RCsim_3D/bases/utaustinvilla3d_base/CMakeFiles/CMakeTmp'


Determining if files pthread.h exist passed with the following output:
Change Dir: /home/aastteam/Desktop/utaustinvilla3d_base/CMakeFiles/CMakeTmp

Run Build Command:/usr/bin/make "cmTryCompileExec3050846994/fast"
/usr/bin/make -f CMakeFiles/cmTryCompileExec3050846994.dir/build.make CMakeFiles/cmTryCompileExec3050846994.dir/build
make[1]: Entering directory `/home/aastteam/Desktop/utaustinvilla3d_base/CMakeFiles/CMakeTmp'
/usr/bin/cmake -E cmake_progress_report /home/aastteam/Desktop/utaustinvilla3d_base/CMakeFiles/CMakeTmp/CMakeFiles 1
Building C object CMakeFiles/cmTryCompileExec3050846994.dir/CheckIncludeFiles.c.o
/usr/bin/cc    -o CMakeFiles/cmTryCompileExec3050846994.dir/CheckIncludeFiles.c.o   -c /home/aastteam/Desktop/utaustinvilla3d_base/CMakeFiles/CMakeTmp/CheckIncludeFiles.c
Linking C executable cmTryCompileExec3050846994
/usr/bin/cmake -E cmake_link_script CMakeFiles/cmTryCompileExec3050846994.dir/link.txt --verbose=1
/usr/bin/cc       CMakeFiles/cmTryCompileExec3050846994.dir/CheckIncludeFiles.c.o  -o cmTryCompileExec3050846994 -rdynamic 
make[1]: Leaving directory `/home/aastteam/Desktop/utaustinvilla3d_base/CMakeFiles/CMakeTmp'


Determining if the function pthread_create exists in the pthread passed with the following output:
Change Dir: /home/aastteam/Desktop/utaustinvilla3d_base/CMakeFiles/CMakeTmp

Run Build Command:/usr/bin/make "cmTryCompileExec1423792497/fast"
/usr/bin/make -f CMakeFiles/cmTryCompileExec1423792497.dir/build.make CMakeFiles/cmTryCompileExec1423792497.dir/build
make[1]: Entering directory `/home/aastteam/Desktop/utaustinvilla3d_base/CMakeFiles/CMakeTmp'
/usr/bin/cmake -E cmake_progress_report /home/aastteam/Desktop/utaustinvilla3d_base/CMakeFiles/CMakeTmp/CMakeFiles 1
Building C object CMakeFiles/cmTryCompileExec1423792497.dir/CheckFunctionExists.c.o
/usr/bin/cc   -DCHECK_FUNCTION_EXISTS=pthread_create   -o CMakeFiles/cmTryCompileExec1423792497.dir/CheckFunctionExists.c.o   -c /usr/share/cmake-2.8/Modules/CheckFunctionExists.c
Linking C executable cmTryCompileExec1423792497
/usr/bin/cmake -E cmake_link_script CMakeFiles/cmTryCompileExec1423792497.dir/link.txt --verbose=1
/usr/bin/cc   -DCHECK_FUNCTION_EXISTS=pthread_create    CMakeFiles/cmTryCompileExec1423792497.dir/CheckFunctionExists.c.o  -o cmTryCompileExec1423792497 -rdynamic -lpthread 
make[1]: Leaving directory `/home/aastteam/Desktop/utaustinvilla3d_base/CMakeFiles/CMakeTmp'


Determining if files pthread.h exist passed with the following output:
Change Dir: /home/rc9/Desktop/utaustinvilla3d_base/CMakeFiles/CMakeTmp

Run Build Command:/usr/bin/make "cmTryCompileExec1572035439/fast"
/usr/bin/make -f CMakeFiles/cmTryCompileExec1572035439.dir/build.make CMakeFiles/cmTryCompileExec1572035439.dir/build
make[1]: Entering directory `/home/rc9/Desktop/utaustinvilla3d_base/CMakeFiles/CMakeTmp'
/usr/bin/cmake -E cmake_progress_report /home/rc9/Desktop/utaustinvilla3d_base/CMakeFiles/CMakeTmp/CMakeFiles 1
Building C object CMakeFiles/cmTryCompileExec1572035439.dir/CheckIncludeFiles.c.o
/usr/bin/cc    -o CMakeFiles/cmTryCompileExec1572035439.dir/CheckIncludeFiles.c.o   -c /home/rc9/Desktop/utaustinvilla3d_base/CMakeFiles/CMakeTmp/CheckIncludeFiles.c
Linking C executable cmTryCompileExec1572035439
/usr/bin/cmake -E cmake_link_script CMakeFiles/cmTryCompileExec1572035439.dir/link.txt --verbose=1
/usr/bin/cc       CMakeFiles/cmTryCompileExec1572035439.dir/CheckIncludeFiles.c.o  -o cmTryCompileExec1572035439 -rdynamic 
make[1]: Leaving directory `/home/rc9/Desktop/utaustinvilla3d_base/CMakeFiles/CMakeTmp'


Determining if the function pthread_create exists in the pthread passed with the following output:
Change Dir: /home/rc9/Desktop/utaustinvilla3d_base/CMakeFiles/CMakeTmp

Run Build Command:/usr/bin/make "cmTryCompileExec810282216/fast"
/usr/bin/make -f CMakeFiles/cmTryCompileExec810282216.dir/build.make CMakeFiles/cmTryCompileExec810282216.dir/build
make[1]: Entering directory `/home/rc9/Desktop/utaustinvilla3d_base/CMakeFiles/CMakeTmp'
/usr/bin/cmake -E cmake_progress_report /home/rc9/Desktop/utaustinvilla3d_base/CMakeFiles/CMakeTmp/CMakeFiles 1
Building C object CMakeFiles/cmTryCompileExec810282216.dir/CheckFunctionExists.c.o
/usr/bin/cc   -DCHECK_FUNCTION_EXISTS=pthread_create   -o CMakeFiles/cmTryCompileExec810282216.dir/CheckFunctionExists.c.o   -c /usr/share/cmake-2.8/Modules/CheckFunctionExists.c
Linking C executable cmTryCompileExec810282216
/usr/bin/cmake -E cmake_link_script CMakeFiles/cmTryCompileExec810282216.dir/link.txt --verbose=1
/usr/bin/cc   -DCHECK_FUNCTION_EXISTS=pthread_create    CMakeFiles/cmTryCompileExec810282216.dir/CheckFunctionExists.c.o  -o cmTryCompileExec810282216 -rdynamic -lpthread 
make[1]: Leaving directory `/home/rc9/Desktop/utaustinvilla3d_base/CMakeFiles/CMakeTmp'


Determining if files pthread.h exist passed with the following output:
Change Dir: /home/rc9/Desktop/utaustinvilla3d_base/CMakeFiles/CMakeTmp

Run Build Command:/usr/bin/make "cmTryCompileExec3913102321/fast"
/usr/bin/make -f CMakeFiles/cmTryCompileExec3913102321.dir/build.make CMakeFiles/cmTryCompileExec3913102321.dir/build
make[1]: Entering directory `/home/rc9/Desktop/utaustinvilla3d_base/CMakeFiles/CMakeTmp'
/usr/bin/cmake -E cmake_progress_report /home/rc9/Desktop/utaustinvilla3d_base/CMakeFiles/CMakeTmp/CMakeFiles 1
Building C object CMakeFiles/cmTryCompileExec3913102321.dir/CheckIncludeFiles.c.o
/usr/bin/cc    -o CMakeFiles/cmTryCompileExec3913102321.dir/CheckIncludeFiles.c.o   -c /home/rc9/Desktop/utaustinvilla3d_base/CMakeFiles/CMakeTmp/CheckIncludeFiles.c
Linking C executable cmTryCompileExec3913102321
/usr/bin/cmake -E cmake_link_script CMakeFiles/cmTryCompileExec3913102321.dir/link.txt --verbose=1
/usr/bin/cc       CMakeFiles/cmTryCompileExec3913102321.dir/CheckIncludeFiles.c.o  -o cmTryCompileExec3913102321 -rdynamic 
make[1]: Leaving directory `/home/rc9/Desktop/utaustinvilla3d_base/CMakeFiles/CMakeTmp'


Determining if the function pthread_create exists in the pthread passed with the following output:
Change Dir: /home/rc9/Desktop/utaustinvilla3d_base/CMakeFiles/CMakeTmp

Run Build Command:/usr/bin/make "cmTryCompileExec1562289007/fast"
/usr/bin/make -f CMakeFiles/cmTryCompileExec1562289007.dir/build.make CMakeFiles/cmTryCompileExec1562289007.dir/build
make[1]: Entering directory `/home/rc9/Desktop/utaustinvilla3d_base/CMakeFiles/CMakeTmp'
/usr/bin/cmake -E cmake_progress_report /home/rc9/Desktop/utaustinvilla3d_base/CMakeFiles/CMakeTmp/CMakeFiles 1
Building C object CMakeFiles/cmTryCompileExec1562289007.dir/CheckFunctionExists.c.o
/usr/bin/cc   -DCHECK_FUNCTION_EXISTS=pthread_create   -o CMakeFiles/cmTryCompileExec1562289007.dir/CheckFunctionExists.c.o   -c /usr/share/cmake-2.8/Modules/CheckFunctionExists.c
Linking C executable cmTryCompileExec1562289007
/usr/bin/cmake -E cmake_link_script CMakeFiles/cmTryCompileExec1562289007.dir/link.txt --verbose=1
/usr/bin/cc   -DCHECK_FUNCTION_EXISTS=pthread_create    CMakeFiles/cmTryCompileExec1562289007.dir/CheckFunctionExists.c.o  -o cmTryCompileExec1562289007 -rdynamic -lpthread 
make[1]: Leaving directory `/home/rc9/Desktop/utaustinvilla3d_base/CMakeFiles/CMakeTmp'


Determining if files pthread.h exist passed with the following output:
Change Dir: /home/noran/Desktop/taban/CMakeFiles/CMakeTmp

Run Build Command:/usr/bin/make "cmTryCompileExec117389369/fast"
/usr/bin/make -f CMakeFiles/cmTryCompileExec117389369.dir/build.make CMakeFiles/cmTryCompileExec117389369.dir/build
make[1]: Entering directory `/home/noran/Desktop/taban/CMakeFiles/CMakeTmp'
/usr/bin/cmake -E cmake_progress_report /home/noran/Desktop/taban/CMakeFiles/CMakeTmp/CMakeFiles 1
Building C object CMakeFiles/cmTryCompileExec117389369.dir/CheckIncludeFiles.c.o
/usr/bin/cc    -o CMakeFiles/cmTryCompileExec117389369.dir/CheckIncludeFiles.c.o   -c /home/noran/Desktop/taban/CMakeFiles/CMakeTmp/CheckIncludeFiles.c
Linking C executable cmTryCompileExec117389369
/usr/bin/cmake -E cmake_link_script CMakeFiles/cmTryCompileExec117389369.dir/link.txt --verbose=1
/usr/bin/cc       CMakeFiles/cmTryCompileExec117389369.dir/CheckIncludeFiles.c.o  -o cmTryCompileExec117389369 -rdynamic 
make[1]: Leaving directory `/home/noran/Desktop/taban/CMakeFiles/CMakeTmp'


Determining if the function pthread_create exists in the pthread passed with the following output:
Change Dir: /home/noran/Desktop/taban/CMakeFiles/CMakeTmp

Run Build Command:/usr/bin/make "cmTryCompileExec3946694678/fast"
/usr/bin/make -f CMakeFiles/cmTryCompileExec3946694678.dir/build.make CMakeFiles/cmTryCompileExec3946694678.dir/build
make[1]: Entering directory `/home/noran/Desktop/taban/CMakeFiles/CMakeTmp'
/usr/bin/cmake -E cmake_progress_report /home/noran/Desktop/taban/CMakeFiles/CMakeTmp/CMakeFiles 1
Building C object CMakeFiles/cmTryCompileExec3946694678.dir/CheckFunctionExists.c.o
/usr/bin/cc   -DCHECK_FUNCTION_EXISTS=pthread_create   -o CMakeFiles/cmTryCompileExec3946694678.dir/CheckFunctionExists.c.o   -c /usr/share/cmake-2.8/Modules/CheckFunctionExists.c
Linking C executable cmTryCompileExec3946694678
/usr/bin/cmake -E cmake_link_script CMakeFiles/cmTryCompileExec3946694678.dir/link.txt --verbose=1
/usr/bin/cc   -DCHECK_FUNCTION_EXISTS=pthread_create    CMakeFiles/cmTryCompileExec3946694678.dir/CheckFunctionExists.c.o  -o cmTryCompileExec3946694678 -rdynamic -lpthread 
make[1]: Leaving directory `/home/noran/Desktop/taban/CMakeFiles/CMakeTmp'


Determining if files pthread.h exist passed with the following output:
Change Dir: /home/aastteam/git/RIC_AASTMT/SourceCode/CMakeFiles/CMakeTmp

Run Build Command:/usr/bin/make "cmTryCompileExec1690075550/fast"
/usr/bin/make -f CMakeFiles/cmTryCompileExec1690075550.dir/build.make CMakeFiles/cmTryCompileExec1690075550.dir/build
make[1]: Entering directory `/home/aastteam/git/RIC_AASTMT/SourceCode/CMakeFiles/CMakeTmp'
/usr/bin/cmake -E cmake_progress_report /home/aastteam/git/RIC_AASTMT/SourceCode/CMakeFiles/CMakeTmp/CMakeFiles 1
Building C object CMakeFiles/cmTryCompileExec1690075550.dir/CheckIncludeFiles.c.o
/usr/bin/cc    -o CMakeFiles/cmTryCompileExec1690075550.dir/CheckIncludeFiles.c.o   -c /home/aastteam/git/RIC_AASTMT/SourceCode/CMakeFiles/CMakeTmp/CheckIncludeFiles.c
Linking C executable cmTryCompileExec1690075550
/usr/bin/cmake -E cmake_link_script CMakeFiles/cmTryCompileExec1690075550.dir/link.txt --verbose=1
/usr/bin/cc       CMakeFiles/cmTryCompileExec1690075550.dir/CheckIncludeFiles.c.o  -o cmTryCompileExec1690075550 -rdynamic 
make[1]: Leaving directory `/home/aastteam/git/RIC_AASTMT/SourceCode/CMakeFiles/CMakeTmp'


Determining if the function pthread_create exists in the pthread passed with the following output:
Change Dir: /home/aastteam/git/RIC_AASTMT/SourceCode/CMakeFiles/CMakeTmp

Run Build Command:/usr/bin/make "cmTryCompileExec745692950/fast"
/usr/bin/make -f CMakeFiles/cmTryCompileExec745692950.dir/build.make CMakeFiles/cmTryCompileExec745692950.dir/build
make[1]: Entering directory `/home/aastteam/git/RIC_AASTMT/SourceCode/CMakeFiles/CMakeTmp'
/usr/bin/cmake -E cmake_progress_report /home/aastteam/git/RIC_AASTMT/SourceCode/CMakeFiles/CMakeTmp/CMakeFiles 1
Building C object CMakeFiles/cmTryCompileExec745692950.dir/CheckFunctionExists.c.o
/usr/bin/cc   -DCHECK_FUNCTION_EXISTS=pthread_create   -o CMakeFiles/cmTryCompileExec745692950.dir/CheckFunctionExists.c.o   -c /usr/share/cmake-2.8/Modules/CheckFunctionExists.c
Linking C executable cmTryCompileExec745692950
/usr/bin/cmake -E cmake_link_script CMakeFiles/cmTryCompileExec745692950.dir/link.txt --verbose=1
/usr/bin/cc   -DCHECK_FUNCTION_EXISTS=pthread_create    CMakeFiles/cmTryCompileExec745692950.dir/CheckFunctionExists.c.o  -o cmTryCompileExec745692950 -rdynamic -lpthread 
make[1]: Leaving directory `/home/aastteam/git/RIC_AASTMT/SourceCode/CMakeFiles/CMakeTmp'


Determining if files pthread.h exist passed with the following output:
Change Dir: /home/aastteam/git/RIC_AASTMT/SourceCode/CMakeFiles/CMakeTmp

Run Build Command:/usr/bin/make "cmTryCompileExec1400274437/fast"
/usr/bin/make -f CMakeFiles/cmTryCompileExec1400274437.dir/build.make CMakeFiles/cmTryCompileExec1400274437.dir/build
make[1]: Entering directory `/home/aastteam/git/RIC_AASTMT/SourceCode/CMakeFiles/CMakeTmp'
/usr/bin/cmake -E cmake_progress_report /home/aastteam/git/RIC_AASTMT/SourceCode/CMakeFiles/CMakeTmp/CMakeFiles 1
Building C object CMakeFiles/cmTryCompileExec1400274437.dir/CheckIncludeFiles.c.o
/usr/bin/cc    -o CMakeFiles/cmTryCompileExec1400274437.dir/CheckIncludeFiles.c.o   -c /home/aastteam/git/RIC_AASTMT/SourceCode/CMakeFiles/CMakeTmp/CheckIncludeFiles.c
Linking C executable cmTryCompileExec1400274437
/usr/bin/cmake -E cmake_link_script CMakeFiles/cmTryCompileExec1400274437.dir/link.txt --verbose=1
/usr/bin/cc       CMakeFiles/cmTryCompileExec1400274437.dir/CheckIncludeFiles.c.o  -o cmTryCompileExec1400274437 -rdynamic 
make[1]: Leaving directory `/home/aastteam/git/RIC_AASTMT/SourceCode/CMakeFiles/CMakeTmp'


Determining if the function pthread_create exists in the pthread passed with the following output:
Change Dir: /home/aastteam/git/RIC_AASTMT/SourceCode/CMakeFiles/CMakeTmp

Run Build Command:/usr/bin/make "cmTryCompileExec2184947102/fast"
/usr/bin/make -f CMakeFiles/cmTryCompileExec2184947102.dir/build.make CMakeFiles/cmTryCompileExec2184947102.dir/build
make[1]: Entering directory `/home/aastteam/git/RIC_AASTMT/SourceCode/CMakeFiles/CMakeTmp'
/usr/bin/cmake -E cmake_progress_report /home/aastteam/git/RIC_AASTMT/SourceCode/CMakeFiles/CMakeTmp/CMakeFiles 1
Building C object CMakeFiles/cmTryCompileExec2184947102.dir/CheckFunctionExists.c.o
/usr/bin/cc   -DCHECK_FUNCTION_EXISTS=pthread_create   -o CMakeFiles/cmTryCompileExec2184947102.dir/CheckFunctionExists.c.o   -c /usr/share/cmake-2.8/Modules/CheckFunctionExists.c
Linking C executable cmTryCompileExec2184947102
/usr/bin/cmake -E cmake_link_script CMakeFiles/cmTryCompileExec2184947102.dir/link.txt --verbose=1
/usr/bin/cc   -DCHECK_FUNCTION_EXISTS=pthread_create    CMakeFiles/cmTryCompileExec2184947102.dir/CheckFunctionExists.c.o  -o cmTryCompileExec2184947102 -rdynamic -lpthread 
make[1]: Leaving directory `/home/aastteam/git/RIC_AASTMT/SourceCode/CMakeFiles/CMakeTmp'


